1642341912039	mozrunner::runner	INFO	Running command: "C:\\Program Files\\Mozilla Firefox\\firefox.exe" "-marionette" "-foreground" "-no-remote" "-profile" "C:\\Users\\Mathews\\AppData\\Local\\Temp\\rust_mozprofileqMtQn7"
JavaScript error: resource://gre/modules/XULStore.jsm, line 66: Error: Can't find profile directory.
console.warn: SearchSettings: "get: No settings file exists, new profile?" (new Error("", "(unknown module)"))
1642341918744	Marionette	INFO	Listening on port 1051
1642341919064	Marionette	WARN	TLS certificate errors will be ignored for this session
1642342106176	Marionette	INFO	Stopped listening on port 1051

###!!! [Child][RunMessage] Error: Channel closing: too late to send/recv, messages will be lost

ers\\Mathews\\AppData\\Local\\Temp\\rust_mozprofilePQBOcz"
JavaScript error: resource://gre/modules/XULStore.jsm, line 66: Error: Can't find profile directory.
console.warn: SearchSettings: "get: No settings file exists, new profile?" (new Error("", "(unknown module)"))
1642342105087	Marionette	INFO	Listening on port 1176
1642342105605	Marionette	WARN	TLS certificate errors will be ignored for this session
1642342176943	Marionette	INFO	Stopped listening on port 1176

###!!! [Child][RunMessage] Error: Channel closing: too late to send/recv, messages will be lost

1642342183715	mozrunner::runner	INFO	Running command: "C:\\Program Files\\Mozilla Firefox\\firefox.exe" "-marionette" "-foreground" "-no-remote" "-profile" "C:\\Users\\Mathews\\AppData\\Local\\Temp\\rust_mozprofileWrCMIX"
JavaScript error: resource://gre/modules/XULStore.jsm, line 66: Error: Can't find profile directory.
console.warn: SearchSettings: "get: No settings file exists, new profile?" (new Error("", "(unknown module)"))
1642342187523	Marionette	INFO	Listening on port 1281
1642342187953	Marionette	WARN	TLS certificate errors will be ignored for this session
SourceActor threw an exception: [Exception... "Component returned failure code: 0x80470002 (NS_BASE_STREAM_CLOSED) [nsIInputStream.available]"  nsresult: "0x80470002 (NS_BASE_STREAM_CLOSED)"  location: "JS frame :: resource://devtools/shared/DevToolsUtils.js :: onResponse :: line 567"  data: no]
Stack: onResponse@resource://devtools/shared/DevToolsUtils.js:567:34
onStopRequest@resource://gre/modules/NetUtil.jsm:128:18
Line: 567, column: 0
console.error: ({})
JavaScript error: resource://devtools/shared/DevToolsUtils.js, line 567: NS_BASE_STREAM_CLOSED: Component returned failure code: 0x80470002 (NS_BASE_STREAM_CLOSED) [nsIInputStream.available]
console.error: "Error while calling actor 'pagestyle's method 'getLayout'" "node is null"
console.error: "getLayout@resource://devtools/server/actors/page-style.js:1002:5\nhandler@resource://devtools/shared/protocol/Actor.js:172:37\nonPacket@resource://devtools/server/devtools-server-connection.js:379:58\nreceiveMessage@resource://devtools/shared/transport/child-transport.js:68:16\n"
console.error: (new Error("Protocol error (TypeError): node is null from: server0.conn0.child3/pagestyle24 (resource://devtools/server/actors/page-style.js:1002:5)", "resource://devtools/shared/protocol/Front.js", 361))
1642342461990	Marionette	INFO	Stopped listening on port 1281

###!!! [Child][RunMessage] Error: Channel closing: too late to send/recv, messages will be lost

1642342466880	mozrunner::runner	INFO	Running command: "C:\\Program Files\\Mozilla Firefox\\firefox.exe" "-marionette" "-foreground" "-no-remote" "-profile" "C:\\Users\\Mathews\\AppData\\Local\\Temp\\rust_mozprofileG60GP2"
JavaScript error: resource://gre/modules/XULStore.jsm, line 66: Error: Can't find profile directory.
console.warn: SearchSettings: "get: No settings file exists, new profile?" (new Error("", "(unknown module)"))
1642342470395	Marionette	INFO	Listening on port 1055
1642342470582	Marionette	WARN	TLS certificate errors will be ignored for this session
SourceActor threw an exception: [Exception... "Component returned failure code: 0x80470002 (NS_BASE_STREAM_CLOSED) [nsIInputStream.available]"  nsresult: "0x80470002 (NS_BASE_STREAM_CLOSED)"  location: "JS frame :: resource://devtools/shared/DevToolsUtils.js :: onResponse :: line 567"  data: no]
Stack: onResponse@resource://devtools/shared/DevToolsUtils.js:567:34
onStopRequest@resource://gre/modules/NetUtil.jsm:128:18
Line: 567, column: 0
console.error: ({})
JavaScript error: resource://devtools/shared/DevToolsUtils.js, line 567: NS_BASE_STREAM_CLOSED: Component returned failure code: 0x80470002 (NS_BASE_STREAM_CLOSED) [nsIInputStream.available]
console.warn: "Async method failed in safeAsyncMethod" (new Error("Connection closed, pending request to server0.conn0.child3/customhighlighter189, type hide failed\n\nRequest stack:\nrequest@resource://devtools/shared/protocol/Front.js:288:14\ngenerateRequestMethods/</frontProto[name]@resource://devtools/shared/protocol/Front/FrontClassWithSpec.js:46:19\nhide@resource://devtools/client/fronts/highlighters.js:32:18\nexports.safeAsyncMethod/<@resource://devtools/shared/async-utils.js:57:25\nhideHighlighterType@resource://devtools/client/inspector/shared/highlighters-overlay.js:636:23\nexports.safeAsyncMethod/<@resource://devtools/shared/async-utils.js:57:25\nunhighlightNode/<@resource://devtools/client/inspector/boxmodel/actions/box-model-highlighter.js:81:36\nthunk/</</<@resource://devtools/client/shared/redux/middleware/thunk.js:17:11\nonMouseOut@resource://devtools/client/inspector/boxmodel/components/BoxModelMain.js:490:35\ninvokeGuardedCallbackImpl@resource://devtools/client/shared/vendor/react-dom.js:74:10\ninvokeGuardedCallback@resource://devtools/client/shared/vendor/react-dom.js:111:29\ninvokeGuardedCallbackAndCatchFirstError@re1642344145713	Marionette	INFO	Stopped listening on port 1175

###!!! [Child][RunMessage] Error: Channel closing: too late to send/recv, messages will be lost

resource://devtools/client/shared/vendor/react-dom.js:365:20\nexecuteDispatchesAndRelease@resource://devtools/client/shared/vendor/react-dom.js:462:29\nexecuteDispatchesAndReleaseTopLevel@resource://devtools/client/shared/vendor/react-dom.js:470:10\nforEachAccumulated@resource://devtools/client/shared/vendor/react-dom.js:442:9\nrunEventsInBatch@resource://devtools/client/shared/vendor/react-dom.js:598:21\nrunExtractedEventsInBatch@resource://devtools/client/shared/vendor/react-dom.js:606:19\nhandleTopLevel@resource://devtools/client/shared/vendor/react-dom.js:4272:30\nbatchedUpdates$1@resource://devtools/client/shared/vendor/react-dom.js:15752:12\nbatchedUpdates@resource://devtools/client/shared/vendor/react-dom.js:1882:12\ndispatchEvent@resource://devtools/client/shared/vendor/react-dom.js:4351:19\npermitUnload@chrome://global/content/elements/browser-custom-element.js:1709:21\n_beginRemoveTab@chrome://browser/content/tabbrowser.js:3494:40\nremoveTab@chrome://browser/content/tabbrowser.js:3388:15\nremoveCurrentTab@chrome://browser/content/tabbrowser.js:3343:12\nBrowserCloseTabOrWindow@chrome://browser/content/browser.js:3068:12\noncommand@chrome://browser/content/browser.xhtml:1:24\n", "resource://devtools/shared/protocol/Front.js", 99))
1642344145019	Marionette	INFO	Stopped listening on port 1055

###!!! [Child][RunMessage] Error: Channel closing: too late to send/recv, messages will be lost

1642344155069	mozrunner::runner	INFO	Running command: "C:\\Program Files\\Mozilla Firefox\\firefox.exe" "-marionette" "-foreground" "-no-remote" "-profile" "C:\\Users\\Mathews\\AppData\\Local\\Temp\\rust_mozprofileWIgdC5"
JavaScript error: resource://gre/modules/XULStore.jsm, line 66: Error: Can't find profile directory.
console.warn: SearchSettings: "get: No settings file exists, new profile?" (new Error("", "(unknown module)"))
1642344158724	Marionette	INFO	Listening on port 1400
1642344158771	Marionette	WARN	TLS certificate errors will be ignored for this session
1642344288272	Marionette	INFO	Stopped listening on port 1400

###!!! [Child][RunMessage] Error: Channel closing: too late to send/recv, messages will be lost

